{"ip":"::1","level":"warn","message":"CSRF token validation failed","timestamp":"2025-09-29T08:40:13.652Z","userAgent":"Mozilla/5.0 (Windows NT 10.0; Win64; x64) AppleWebKit/537.36 (KHTML, like Gecko) Chrome/140.0.0.0 Safari/537.36"}
{"email":"fake@example.com","ip":"::1","level":"warn","message":"Failed login attempt: user not found","timestamp":"2025-09-29T08:40:30.241Z","userAgent":"Mozilla/5.0 (Windows NT 10.0; Win64; x64) AppleWebKit/537.36 (KHTML, like Gecko) Chrome/140.0.0.0 Safari/537.36"}
{"email":"admin@wazgo.se","ip":"::1","level":"warn","message":"Failed login attempt: wrong password","timestamp":"2025-09-29T08:41:08.033Z","userAgent":"Mozilla/5.0 (Windows NT 10.0; Win64; x64) AppleWebKit/537.36 (KHTML, like Gecko) Chrome/140.0.0.0 Safari/537.36"}
{"company":"efrgtbg","email":"rebazrawoof8@gmail.com","industry":"retail","ip":"::1","level":"info","message":"Contact form submission","name":"rebaz rawoof","timestamp":"2025-09-29T08:41:42.236Z","userAgent":"Mozilla/5.0 (Windows NT 10.0; Win64; x64) AppleWebKit/537.36 (KHTML, like Gecko) Chrome/140.0.0.0 Safari/537.36"}
{"error":"Error: My first Sentry error!\n    at mainHandler (file:///C:/Users/Rebaz/Desktop/wazGo/backend/server.js:45:9)\n    at Layer.handle [as handle_request] (C:\\Users\\Rebaz\\Desktop\\wazGo\\backend\\node_modules\\express\\lib\\router\\layer.js:95:5)\n    at next (C:\\Users\\Rebaz\\Desktop\\wazGo\\backend\\node_modules\\express\\lib\\router\\route.js:149:13)\n    at Route.dispatch (C:\\Users\\Rebaz\\Desktop\\wazGo\\backend\\node_modules\\express\\lib\\router\\route.js:119:3)\n    at Layer.handle [as handle_request] (C:\\Users\\Rebaz\\Desktop\\wazGo\\backend\\node_modules\\express\\lib\\router\\layer.js:95:5)\n    at C:\\Users\\Rebaz\\Desktop\\wazGo\\backend\\node_modules\\express\\lib\\router\\index.js:284:15\n    at Function.process_params (C:\\Users\\Rebaz\\Desktop\\wazGo\\backend\\node_modules\\express\\lib\\router\\index.js:346:12)\n    at next (C:\\Users\\Rebaz\\Desktop\\wazGo\\backend\\node_modules\\express\\lib\\router\\index.js:280:10)\n    at expressInit (C:\\Users\\Rebaz\\Desktop\\wazGo\\backend\\node_modules\\express\\lib\\middleware\\init.js:40:5)\n    at Layer.handle [as handle_request] (C:\\Users\\Rebaz\\Desktop\\wazGo\\backend\\node_modules\\express\\lib\\router\\layer.js:95:5)","ip":"::1","level":"error","message":"Global error","timestamp":"2025-09-29T09:30:31.717Z","url":"/debug-sentry"}
{"company":"jhkghfjgc","email":"rebazrawoof8@gmail.com","industry":"restaurant","ip":"::1","level":"info","message":"Contact form submission","name":"rebaz rawoof","timestamp":"2025-09-29T10:09:54.428Z","userAgent":"Mozilla/5.0 (Windows NT 10.0; Win64; x64) AppleWebKit/537.36 (KHTML, like Gecko) Chrome/140.0.0.0 Safari/537.36"}
2025-09-29T10:35:30.318Z [warn]: Failed login attempt: wrong password
2025-09-29T10:35:42.381Z [warn]: Failed login attempt: wrong password
2025-09-29T10:36:04.946Z [info]: Contact form submission
2025-09-29T10:36:17.175Z [warn]: Failed login attempt: wrong password
2025-09-29T10:36:29.454Z [warn]: Failed login attempt: wrong password
2025-09-29T10:36:54.929Z [warn]: Failed login attempt: wrong password
2025-09-29T13:04:30.104Z [warn]: Failed login attempt: wrong password
2025-09-29T13:06:03.527Z [info]: Contact form submission
2025-09-29T13:09:56.473Z [warn]: CSRF token validation failed
2025-09-29T13:12:38.708Z [warn]: CSRF token validation failed
2025-09-29T14:12:02.001Z [warn]: CSRF token validation failed
2025-09-29T14:12:17.142Z [warn]: Failed login attempt: wrong password
2025-09-29T14:12:34.715Z [warn]: Failed login attempt: wrong password
2025-09-29T14:12:54.077Z [warn]: Failed login attempt: wrong password
2025-09-29T14:15:21.142Z [warn]: Failed login attempt: wrong password
2025-09-29T14:15:36.977Z [warn]: Failed login attempt: wrong password
2025-09-29T14:22:57.803Z [info]: Contact form submission
2025-09-30T14:48:58.384Z [info]: Contact form submission
2025-09-30T14:49:30.736Z [info]: Contact form submission
2025-09-30T14:50:08.039Z [info]: Contact form submission
2025-09-30T14:51:00.190Z [warn]: Failed login attempt: wrong password
2025-09-30T15:01:10.236Z [info]: Contact form submission
2025-09-30T15:02:02.472Z [info]: Contact form submission
2025-09-30T15:03:55.611Z [info]: Contact form submission
2025-09-30T15:05:29.859Z [info]: Contact form submission
2025-09-30T15:05:48.331Z [info]: Contact form submission
2025-09-30T15:05:57.758Z [info]: Contact form submission
2025-09-30T15:07:39.003Z [info]: Contact form submission
2025-09-30T15:08:08.205Z [info]: Contact form submission
2025-09-30T15:08:20.015Z [info]: Contact form submission
2025-09-30T15:09:29.444Z [info]: Contact form submission
2025-09-30T15:09:50.342Z [warn]: Failed login attempt: wrong password
2025-09-30T15:48:46.823Z [error]: Database backup failed: Command failed: pg_dump --host=localhost --port=5432 --username=postgres --dbname=wazgo --no-password --format=c --compress=9 --file="C:\Users\Rebaz\Desktop\wazGo\backend\backups\backup-2025-09-30T15-48-46-806Z.sql"
'pg_dump' is not recognized as an internal or external command,
operable program or batch file.

2025-09-30T15:52:11.477Z [info]: Database backup created: C:\Users\Rebaz\Desktop\wazGo\backend\backups\backup-2025-09-30T15-52-11-095Z
2025-09-30T15:53:45.096Z [error]: Database restore failed: UserModel is not a function
2025-09-30T15:53:45.099Z [error]: Backup verification failed: UserModel is not a function
2025-09-30T15:55:52.722Z [info]: Database restored to test db: wazgo_verify_1759247752164
2025-09-30T15:55:52.726Z [error]: Backup verification failed: Cannot read properties of undefined (reading 'count')
2025-09-30T15:57:28.986Z [info]: Database restored to test db: wazgo_verify_1759247848361
2025-09-30T15:57:28.992Z [error]: Backup verification failed: Cannot read properties of undefined (reading 'count')
2025-09-30T15:57:54.343Z [info]: Database backup created: C:\Users\Rebaz\Desktop\wazGo\backend\backups\backup-2025-09-30T15-57-53-977Z
2025-09-30T15:58:16.004Z [info]: Database backup created: C:\Users\Rebaz\Desktop\wazGo\backend\backups\backup-2025-09-30T15-58-15-884Z
2025-09-30T15:58:36.429Z [info]: Database restored to test db: wazgo_verify_1759247916059
2025-09-30T15:58:36.434Z [error]: Backup verification failed: Cannot read properties of undefined (reading 'count')
2025-09-30T15:59:29.859Z [info]: Database restored to test db: wazgo_verify_1759247969362
2025-09-30T15:59:30.047Z [info]: Backup verification successful for: ./backups/backup-2025-09-30T15-58-15-884Z
2025-09-30T16:27:27.747Z [error]: Health check failed: Database connection error
2025-09-30T16:35:27.423Z [error]: Health check failed: Database connection error
